<?xml version="1.0" encoding="UTF-8"?>
<!-- Generated by org.testng.reporters.JUnitXMLReporter -->
<testsuite hostname="DESKTOP-O1HI6L6" ignored="4" name="week-15-xyz-bank" tests="1" failures="0" timestamp="2022-12-13T11:01:55 GMT" time="18.791" errors="0">
  <testcase name="customerShouldWithdrawMoneySuccessfully" time="10.623" classname="com.xyzbank.testsuite.BankTestPage"/>
  <testcase name="customerShouldDepositMoneySuccessfully" time="0.0" classname="com.xyzbank.testsuite.BankTestPage">
    <ignored/>
  </testcase> <!-- customerShouldDepositMoneySuccessfully -->
  <testcase name="bankManagerShouldAddCustomerSuccessfully" time="0.0" classname="com.xyzbank.testsuite.BankTestPage">
    <ignored/>
  </testcase> <!-- bankManagerShouldAddCustomerSuccessfully -->
  <testcase name="customerShouldLoginAndLogoutSuccessfully" time="0.0" classname="com.xyzbank.testsuite.BankTestPage">
    <ignored/>
  </testcase> <!-- customerShouldLoginAndLogoutSuccessfully -->
  <testcase name="bankManagerShouldOpenAccountSuccessfully" time="0.0" classname="com.xyzbank.testsuite.BankTestPage">
    <ignored/>
  </testcase> <!-- bankManagerShouldOpenAccountSuccessfully -->
</testsuite> <!-- week-15-xyz-bank -->
